11-10-2022: 21:07:40 !!!!!!!!!!!!!!!!------------- Запуск приложения -------------!!!!!!!!!!!!!!!
11-10-2022: 21:08:10 Клиент:  ( тг_имя: Usha, тг_ф.: null, тг_Id: 674694300  тг_ник: @azuraka )      Имя клиента: РикоМастер  :   Смотрит раздел 'Услуги и цены'
11-10-2022: 21:08:14 Клиент:  ( тг_имя: Usha, тг_ф.: null, тг_Id: 674694300  тг_ник: @azuraka )      Имя клиента: РикоМастер  :  Хочет записаться на маникюр
11-10-2022: 21:08:21 Клиент:  ( тг_имя: Usha, тг_ф.: null, тг_Id: 674694300  тг_ник: @azuraka )      Имя клиента: РикоМастер  :  Хочет записаться на маникюр
11-10-2022: 23:13:55 !!!!!!!!!!!!!!!!------------- Запуск приложения -------------!!!!!!!!!!!!!!!
11-10-2022: 23:14:00 Админские делишки...
11-10-2022: 23:14:02 Админские делишки...
11-10-2022: 23:14:05 Админские делишки...
11-10-2022: 23:14:06 Админские делишки...
11-10-2022: 23:14:09 Админские делишки...
11-10-2022: 23:14:13 Админские делишки...
11-10-2022: 23:14:16 Админские делишки...
11-10-2022: 23:14:20 Адмистратор установил дату, после которой можно записываться на услуги:  2022.12.12
11-10-2022: 23:14:30 Админские делишки...
11-10-2022: 23:14:31 Адмистратор установил дату, после которой запись на услуги осуществляться не будет:   2022.12.12
11-10-2022: 23:14:36 Админские делишки...
11-10-2022: 23:14:54 !!!!!!!!!!!!!!!!------------- Запуск приложения -------------!!!!!!!!!!!!!!!
11-10-2022: 23:54:24 Незарегистрированный пользователь:  ( имя: Denis, фам.: Sharov [-2 МСК], Id: 160175583, ник:shdionis )   :    /start 
11-10-2022: 23:54:27 Незарегистрированный пользователь:  ( имя: Denis, фам.: Sharov [-2 МСК], Id: 160175583, ник:shdionis)  :   Смотрит раздел 'Услуги и цены'
11-10-2022: 23:54:42 Незарегистрированный пользователь:  ( имя: Denis, фам.: Sharov [-2 МСК], Id: 160175583, ник:shdionis )   :    Просматривает галерею портфолио:   'Маникюр с покрытием'
11-10-2022: 23:55:20 Незарегистрированный пользователь:  ( имя: Denis, фам.: Sharov [-2 МСК], Id: 160175583, ник:shdionis )   :    Просматривает галерею портфолио:   'Наращивание'
11-10-2022: 23:55:34 Незарегистрированный пользователь:  ( имя: Denis, фам.: Sharov [-2 МСК], Id: 160175583, ник:shdionis )   :    Просматривает галерею портфолио:   'Маникюр без покрытия'
11-10-2022: 23:55:44 Незарегистрированный пользователь:  ( имя: Denis, фам.: Sharov [-2 МСК], Id: 160175583, ник:shdionis )   :    завершил просмотр 
11-10-2022: 23:55:48 Незарегистрированный пользователь:  ( имя: Denis, фам.: Sharov [-2 МСК], Id: 160175583, ник:shdionis )   :    ++++ Начал процесс регистрации! ++++ 
11-10-2022: 23:56:13 Незарегистрированный пользователь:  ( имя: Denis, фам.: Sharov [-2 МСК], Id: 160175583, ник:shdionis )   :    * Попытка ввода неактивной команды или ввод имени пользователя для регистрации *  Ёжик
11-10-2022: 23:56:20 !!!! ------------------------------------------------------------------------------- !!!!
11-10-2022: 23:56:20 !!!! --------------------  Новый клиент: Ёжик -------------------- !!!!
11-10-2022: 23:56:20 !!!! ------------------------------------------------------------------------------- !!!!
11-10-2022: 23:56:24 Клиент:  ( тг_имя: Denis, тг_ф.: Sharov [-2 МСК], тг_Id: 160175583  тг_ник: @shdionis )      Имя клиента: Ёжик  :  Хочет записаться на маникюр
11-10-2022: 23:56:32 Клиент:  ( тг_имя: Denis, тг_ф.: Sharov [-2 МСК], тг_Id: 160175583  тг_ник: @shdionis )      Имя клиента: Ёжик  :  + записался на маникюр +  
11-10-2022: 23:56:35 Клиент:  ( тг_имя: Denis, тг_ф.: Sharov [-2 МСК], тг_Id: 160175583  тг_ник: @shdionis )      Имя клиента: Ёжик  :  Хочет отменить запись на маникюр
11-10-2022: 23:56:42 Клиент:  ( тг_имя: Denis, тг_ф.: Sharov [-2 МСК], тг_Id: 160175583  тг_ник: @shdionis )      Имя клиента: Ёжик  :  Напоминание времени записи
11-10-2022: 23:57:20 Клиент:  ( тг_имя: Denis, тг_ф.: Sharov [-2 МСК], тг_Id: 160175583  тг_ник: @shdionis )      Имя клиента: Ёжик  :  Хочет отменить запись на маникюр
11-10-2022: 23:57:23 Клиент:  ( тг_имя: Denis, тг_ф.: Sharov [-2 МСК], тг_Id: 160175583  тг_ник: @shdionis )      Имя клиента: Ёжик  :  отмена текущего действия либо подтверждение отмены записи на маникюр
11-10-2022: 23:57:28 Клиент:  ( тг_имя: Denis, тг_ф.: Sharov [-2 МСК], тг_Id: 160175583  тг_ник: @shdionis )      Имя клиента: Ёжик  :  Хочет записаться на маникюр
11-10-2022: 23:57:38 Клиент:  ( тг_имя: Denis, тг_ф.: Sharov [-2 МСК], тг_Id: 160175583  тг_ник: @shdionis )      Имя клиента: Ёжик  :  + записался на маникюр +  
11-10-2022: 23:57:56 Клиент:  ( тг_имя: Denis, тг_ф.: Sharov [-2 МСК], тг_Id: 160175583  тг_ник: @shdionis )      Имя клиента: Ёжик  :  Просмотр портфолио
11-10-2022: 23:57:59 Клиент:  ( тг_имя: Denis, тг_ф.: Sharov [-2 МСК], тг_Id: 160175583  тг_ник: @shdionis )      Имя клиента: Ёжик  :  Отмена действия
11-10-2022: 23:58:01 Клиент:  ( тг_имя: Denis, тг_ф.: Sharov [-2 МСК], тг_Id: 160175583  тг_ник: @shdionis )      Имя клиента: Ёжик  :   Смотрит раздел 'Услуги и цены'
11-10-2022: 23:58:03 Клиент:  ( тг_имя: Denis, тг_ф.: Sharov [-2 МСК], тг_Id: 160175583  тг_ник: @shdionis )      Имя клиента: Ёжик  :  Хочет отменить запись на маникюр
11-10-2022: 23:58:06 Клиент:  ( тг_имя: Denis, тг_ф.: Sharov [-2 МСК], тг_Id: 160175583  тг_ник: @shdionis )      Имя клиента: Ёжик  :   Смотрит раздел 'Услуги и цены'
11-10-2022: 23:58:07 Клиент:  ( тг_имя: Denis, тг_ф.: Sharov [-2 МСК], тг_Id: 160175583  тг_ник: @shdionis )      Имя клиента: Ёжик  :  Напоминание времени записи
11-10-2022: 23:58:09 Клиент:  ( тг_имя: Denis, тг_ф.: Sharov [-2 МСК], тг_Id: 160175583  тг_ник: @shdionis )      Имя клиента: Ёжик  :  Просмотр портфолио
11-10-2022: 23:58:10 Клиент:  ( тг_имя: Denis, тг_ф.: Sharov [-2 МСК], тг_Id: 160175583  тг_ник: @shdionis )      Имя клиента: Ёжик  :  Просматривает галерею портфолио 'Наращивание'
11-10-2022: 23:58:23 Клиент:  ( тг_имя: Denis, тг_ф.: Sharov [-2 МСК], тг_Id: 160175583  тг_ник: @shdionis )      Имя клиента: Ёжик  :  Хочет отменить запись на маникюр
11-10-2022: 23:58:33 Клиент:  ( тг_имя: Denis, тг_ф.: Sharov [-2 МСК], тг_Id: 160175583  тг_ник: @shdionis )      Имя клиента: Ёжик  :  отмена текущего действия либо подтверждение отмены записи на маникюр
11-10-2022: 23:58:53 Клиент:  ( тг_имя: Denis, тг_ф.: Sharov [-2 МСК], тг_Id: 160175583  тг_ник: @shdionis )      Имя клиента: Ёжик  :  Хочет записаться на маникюр
11-10-2022: 23:58:58 Клиент:  ( тг_имя: Denis, тг_ф.: Sharov [-2 МСК], тг_Id: 160175583  тг_ник: @shdionis )      Имя клиента: Ёжик  :  + записался на маникюр +  
11-10-2022: 23:59:02 Клиент:  ( тг_имя: Denis, тг_ф.: Sharov [-2 МСК], тг_Id: 160175583  тг_ник: @shdionis )      Имя клиента: Ёжик  :   Смотрит раздел 'Услуги и цены'
11-10-2022: 23:59:04 Клиент:  ( тг_имя: Denis, тг_ф.: Sharov [-2 МСК], тг_Id: 160175583  тг_ник: @shdionis )      Имя клиента: Ёжик  :  Напоминание времени записи
11-10-2022: 23:59:05 Клиент:  ( тг_имя: Denis, тг_ф.: Sharov [-2 МСК], тг_Id: 160175583  тг_ник: @shdionis )      Имя клиента: Ёжик  :  Просмотр портфолио
11-10-2022: 23:59:07 Клиент:  ( тг_имя: Denis, тг_ф.: Sharov [-2 МСК], тг_Id: 160175583  тг_ник: @shdionis )      Имя клиента: Ёжик  :  Просматривает галерею портфолио 'Наращивание'
11-10-2022: 23:59:37 Клиент:  ( тг_имя: Denis, тг_ф.: Sharov [-2 МСК], тг_Id: 160175583  тг_ник: @shdionis )      Имя клиента: Ёжик  :  Отмена действия
11-10-2022: 23:59:39 Клиент:  ( тг_имя: Denis, тг_ф.: Sharov [-2 МСК], тг_Id: 160175583  тг_ник: @shdionis )      Имя клиента: Ёжик  :  Хочет отменить запись на маникюр
11-10-2022: 23:59:40 Клиент:  ( тг_имя: Denis, тг_ф.: Sharov [-2 МСК], тг_Id: 160175583  тг_ник: @shdionis )      Имя клиента: Ёжик  :  Просмотр портфолио
11-10-2022: 23:59:42 Клиент:  ( тг_имя: Denis, тг_ф.: Sharov [-2 МСК], тг_Id: 160175583  тг_ник: @shdionis )      Имя клиента: Ёжик  :  Просматривает галерею портфолио 'Наращивание'
11-10-2022: 23:59:43 Клиент:  ( тг_имя: Denis, тг_ф.: Sharov [-2 МСК], тг_Id: 160175583  тг_ник: @shdionis )      Имя клиента: Ёжик  :  Просматривает галерею портфолио 'Маникюр без покрытия'
11-10-2022: 23:59:53 Клиент:  ( тг_имя: Denis, тг_ф.: Sharov [-2 МСК], тг_Id: 160175583  тг_ник: @shdionis )      Имя клиента: Ёжик  :  отмена текущего действия либо подтверждение отмены записи на маникюр
