11-12-2022: 08:51:25 Незарегистрированный пользователь:  ( имя: Мария, фам.: null, Id: 851450867, ник:Mary_art5 )   :    Просматривает галерею портфолио:   'Маникюр без покрытия'
11-12-2022: 08:51:28 Незарегистрированный пользователь:  ( имя: Мария, фам.: null, Id: 851450867, ник:Mary_art5 )   :    завершил просмотр 
11-12-2022: 08:51:39 Незарегистрированный пользователь:  ( имя: Мария, фам.: null, Id: 851450867, ник:Mary_art5 )   :    ++++ Начал процесс регистрации! ++++ 
11-12-2022: 08:51:46 Незарегистрированный пользователь:  ( имя: Мария, фам.: null, Id: 851450867, ник:Mary_art5 )   :    * Попытка ввода неактивной команды или ввод имени пользователя для регистрации *  Маша
11-12-2022: 08:51:51 !!!! ------------------------------------------------------------------------------- !!!!
11-12-2022: 08:51:51 !!!! --------------------  Новый клиент: Маша -------------------- !!!!
11-12-2022: 08:51:51 !!!! ------------------------------------------------------------------------------- !!!!
11-12-2022: 08:51:54 Клиент:  ( тг_имя: Мария, тг_ф.: null, тг_Id: 851450867  тг_ник: @Mary_art5 )      Имя клиента: Маша  :  Хочет записаться на маникюр
11-12-2022: 08:52:17 Клиент:  ( тг_имя: Мария, тг_ф.: null, тг_Id: 851450867  тг_ник: @Mary_art5 )      Имя клиента: Маша  :  + записался на маникюр +  
11-12-2022: 08:52:25 Клиент:  ( тг_имя: Мария, тг_ф.: null, тг_Id: 851450867  тг_ник: @Mary_art5 )      Имя клиента: Маша  :  Напоминание времени записи
11-12-2022: 10:50:57 !!!!!!!!!!!!!!!!------------- Запуск приложения -------------!!!!!!!!!!!!!!!
11-12-2022: 10:57:32 !!!!!!!!!!!!!!!!------------- Запуск приложения -------------!!!!!!!!!!!!!!!
11-12-2022: 11:55:02 !!!!!!!!!!!!!!!!------------- Запуск приложения -------------!!!!!!!!!!!!!!!
11-12-2022: 11:55:04 Клиент:  ( тг_имя: Usha, тг_ф.: null, тг_Id: 674694300  тг_ник: @azuraka )      Имя клиента: РикоМастер  :   Смотрит раздел 'Услуги и цены'
11-12-2022: 11:55:36 !!!!!!!!!!!!!!!!------------- Запуск приложения -------------!!!!!!!!!!!!!!!
11-12-2022: 11:55:52 !!!!!!!!!!!!!!!!------------- Запуск приложения -------------!!!!!!!!!!!!!!!
11-12-2022: 11:59:47 Клиент:  ( тг_имя: Usha, тг_ф.: null, тг_Id: 674694300  тг_ник: @azuraka )      Имя клиента: РикоМастер  :   Смотрит раздел 'Услуги и цены'
11-12-2022: 12:00:18 Клиент:  ( тг_имя: Usha, тг_ф.: null, тг_Id: 674694300  тг_ник: @azuraka )      Имя клиента: РикоМастер  :  Хочет отменить запись на маникюр
11-12-2022: 12:03:54 !!!!!!!!!!!!!!!!------------- Запуск приложения -------------!!!!!!!!!!!!!!!
11-12-2022: 12:04:22 !!!!!!!!!!!!!!!!------------- Запуск приложения -------------!!!!!!!!!!!!!!!
11-12-2022: 12:05:41 !!!!!!!!!!!!!!!!------------- Запуск приложения -------------!!!!!!!!!!!!!!!
11-12-2022: 12:06:00 !!!!!!!!!!!!!!!!------------- Запуск приложения -------------!!!!!!!!!!!!!!!
11-12-2022: 12:07:07 !!!!!!!!!!!!!!!!------------- Запуск приложения -------------!!!!!!!!!!!!!!!
11-12-2022: 12:07:26 !!!!!!!!!!!!!!!!------------- Запуск приложения -------------!!!!!!!!!!!!!!!
11-12-2022: 12:08:41 !!!!!!!!!!!!!!!!------------- Запуск приложения -------------!!!!!!!!!!!!!!!
11-12-2022: 12:26:25 !!!!!!!!!!!!!!!!------------- Запуск приложения -------------!!!!!!!!!!!!!!!
11-12-2022: 12:27:07 !!!!!!!!!!!!!!!!------------- Запуск приложения -------------!!!!!!!!!!!!!!!
11-12-2022: 12:27:29 !!!!!!!!!!!!!!!!------------- Запуск приложения -------------!!!!!!!!!!!!!!!
11-12-2022: 12:28:33 !!!!!!!!!!!!!!!!------------- Запуск приложения -------------!!!!!!!!!!!!!!!
11-12-2022: 13:06:37 !!!!!!!!!!!!!!!!------------- Запуск приложения -------------!!!!!!!!!!!!!!!
11-12-2022: 13:06:50 Клиент:  ( тг_имя: Usha, тг_ф.: null, тг_Id: 674694300  тг_ник: @azuraka )      Имя клиента: РикоМастер  :  /start
11-12-2022: 13:06:54 Клиент:  ( тг_имя: Usha, тг_ф.: null, тг_Id: 674694300  тг_ник: @azuraka )      Имя клиента: РикоМастер  :  Напоминание времени записи
11-12-2022: 13:25:49 !!!!!!!!!!!!!!!!------------- Запуск приложения -------------!!!!!!!!!!!!!!!
11-12-2022: 13:26:21 !!!!!!!!!!!!!!!!------------- Запуск приложения -------------!!!!!!!!!!!!!!!
11-12-2022: 13:26:26 Клиент:  ( тг_имя: Usha, тг_ф.: null, тг_Id: 674694300  тг_ник: @azuraka )      Имя клиента: РикоМастер  :   Смотрит раздел 'Услуги и цены'
11-12-2022: 13:26:30 Клиент:  ( тг_имя: Usha, тг_ф.: null, тг_Id: 674694300  тг_ник: @azuraka )      Имя клиента: РикоМастер  :  Просмотр портфолио
11-12-2022: 13:26:33 Клиент:  ( тг_имя: Usha, тг_ф.: null, тг_Id: 674694300  тг_ник: @azuraka )      Имя клиента: РикоМастер  :  Просматривает галерею портфолио 'Маникюр без покрытия'
11-12-2022: 13:26:34 Клиент:  ( тг_имя: Usha, тг_ф.: null, тг_Id: 674694300  тг_ник: @azuraka )      Имя клиента: РикоМастер  :  Просматривает галерею портфолио 'Наращивание'
11-12-2022: 13:26:36 Клиент:  ( тг_имя: Usha, тг_ф.: null, тг_Id: 674694300  тг_ник: @azuraka )      Имя клиента: РикоМастер  :  Просматривает галерею портфолио 'Маникюр с покрытием'
11-12-2022: 13:28:27 !!!!!!!!!!!!!!!!------------- Запуск приложения -------------!!!!!!!!!!!!!!!
11-12-2022: 13:28:33 Клиент:  ( тг_имя: Usha, тг_ф.: null, тг_Id: 674694300  тг_ник: @azuraka )      Имя клиента: РикоМастер  :  Просмотр портфолио
11-12-2022: 13:28:34 Клиент:  ( тг_имя: Usha, тг_ф.: null, тг_Id: 674694300  тг_ник: @azuraka )      Имя клиента: РикоМастер  :  Просматривает галерею портфолио 'Маникюр без покрытия'
11-12-2022: 13:28:35 Клиент:  ( тг_имя: Usha, тг_ф.: null, тг_Id: 674694300  тг_ник: @azuraka )      Имя клиента: РикоМастер  :  Просматривает галерею портфолио 'Маникюр без покрытия'
11-12-2022: 13:28:53 !!!!!!!!!!!!!!!!------------- Запуск приложения -------------!!!!!!!!!!!!!!!
11-12-2022: 13:29:00 Клиент:  ( тг_имя: Usha, тг_ф.: null, тг_Id: 674694300  тг_ник: @azuraka )      Имя клиента: РикоМастер  :  Просмотр портфолио
11-12-2022: 13:29:01 Клиент:  ( тг_имя: Usha, тг_ф.: null, тг_Id: 674694300  тг_ник: @azuraka )      Имя клиента: РикоМастер  :  Просматривает галерею портфолио 'Маникюр без покрытия'
11-12-2022: 13:29:32 !!!!!!!!!!!!!!!!------------- Запуск приложения -------------!!!!!!!!!!!!!!!
11-12-2022: 13:29:39 Клиент:  ( тг_имя: Usha, тг_ф.: null, тг_Id: 674694300  тг_ник: @azuraka )      Имя клиента: РикоМастер  :  Просмотр портфолио
11-12-2022: 13:29:40 Клиент:  ( тг_имя: Usha, тг_ф.: null, тг_Id: 674694300  тг_ник: @azuraka )      Имя клиента: РикоМастер  :  Просматривает галерею портфолио 'Маникюр без покрытия'
11-12-2022: 13:29:42 Клиент:  ( тг_имя: Usha, тг_ф.: null, тг_Id: 674694300  тг_ник: @azuraka )      Имя клиента: РикоМастер  :  Просматривает галерею портфолио 'Наращивание'
11-12-2022: 13:29:43 Клиент:  ( тг_имя: Usha, тг_ф.: null, тг_Id: 674694300  тг_ник: @azuraka )      Имя клиента: РикоМастер  :  Просматривает галерею портфолио 'Маникюр с покрытием'
11-12-2022: 13:30:11 !!!!!!!!!!!!!!!!------------- Запуск приложения -------------!!!!!!!!!!!!!!!
11-12-2022: 13:30:17 Клиент:  ( тг_имя: Usha, тг_ф.: null, тг_Id: 674694300  тг_ник: @azuraka )      Имя клиента: РикоМастер  :  Просмотр портфолио
11-12-2022: 13:30:17 Клиент:  ( тг_имя: Usha, тг_ф.: null, тг_Id: 674694300  тг_ник: @azuraka )      Имя клиента: РикоМастер  :  Просматривает галерею портфолио 'Наращивание'
11-12-2022: 13:30:29 !!!!!!!!!!!!!!!!------------- Запуск приложения -------------!!!!!!!!!!!!!!!
11-12-2022: 13:30:33 Клиент:  ( тг_имя: Usha, тг_ф.: null, тг_Id: 674694300  тг_ник: @azuraka )      Имя клиента: РикоМастер  :  Просмотр портфолио
11-12-2022: 13:30:34 Клиент:  ( тг_имя: Usha, тг_ф.: null, тг_Id: 674694300  тг_ник: @azuraka )      Имя клиента: РикоМастер  :  Просматривает галерею портфолио 'Наращивание'
11-12-2022: 13:31:08 !!!!!!!!!!!!!!!!------------- Запуск приложения -------------!!!!!!!!!!!!!!!
11-12-2022: 13:31:12 Клиент:  ( тг_имя: Usha, тг_ф.: null, тг_Id: 674694300  тг_ник: @azuraka )      Имя клиента: РикоМастер  :  Просмотр портфолио
11-12-2022: 13:31:14 Клиент:  ( тг_имя: Usha, тг_ф.: null, тг_Id: 674694300  тг_ник: @azuraka )      Имя клиента: РикоМастер  :  Просматривает галерею портфолио 'Наращивание'
11-12-2022: 13:31:35 !!!!!!!!!!!!!!!!------------- Запуск приложения -------------!!!!!!!!!!!!!!!
11-12-2022: 13:31:40 Клиент:  ( тг_имя: Usha, тг_ф.: null, тг_Id: 674694300  тг_ник: @azuraka )      Имя клиента: РикоМастер  :  Просмотр портфолио
11-12-2022: 13:31:41 Клиент:  ( тг_имя: Usha, тг_ф.: null, тг_Id: 674694300  тг_ник: @azuraka )      Имя клиента: РикоМастер  :  Просматривает галерею портфолио 'Маникюр без покрытия'
11-12-2022: 13:33:28 !!!!!!!!!!!!!!!!------------- Запуск приложения -------------!!!!!!!!!!!!!!!
11-12-2022: 13:33:30 Клиент:  ( тг_имя: Usha, тг_ф.: null, тг_Id: 674694300  тг_ник: @azuraka )      Имя клиента: РикоМастер  :  Просмотр портфолио
11-12-2022: 13:33:31 Клиент:  ( тг_имя: Usha, тг_ф.: null, тг_Id: 674694300  тг_ник: @azuraka )      Имя клиента: РикоМастер  :  Просматривает галерею портфолио 'Маникюр без покрытия'
11-12-2022: 13:33:36 Клиент:  ( тг_имя: Usha, тг_ф.: null, тг_Id: 674694300  тг_ник: @azuraka )      Имя клиента: РикоМастер  :  Просматривает галерею портфолио 'Наращивание'
11-12-2022: 13:42:04 !!!!!!!!!!!!!!!!------------- Запуск приложения -------------!!!!!!!!!!!!!!!
11-12-2022: 13:42:05 Админские делишки...
11-12-2022: 13:42:07 Админские делишки...
11-12-2022: 13:42:15 Админские делишки...
11-12-2022: 13:42:17 Админские делишки...
11-12-2022: 13:42:23 Админские делишки...
11-12-2022: 13:42:25 Админские делишки...
11-12-2022: 13:42:27 Админские делишки...
11-12-2022: 13:42:29 Админские делишки...
11-12-2022: 13:49:07 !!!!!!!!!!!!!!!!------------- Запуск приложения -------------!!!!!!!!!!!!!!!
11-12-2022: 13:49:08 Админские делишки...
11-12-2022: 13:49:10 Админские делишки...
11-12-2022: 13:49:28 !!!!!!!!!!!!!!!!------------- Запуск приложения -------------!!!!!!!!!!!!!!!
11-12-2022: 13:49:31 Админские делишки...
11-12-2022: 13:49:33 Админские делишки...
11-12-2022: 13:49:54 !!!!!!!!!!!!!!!!------------- Запуск приложения -------------!!!!!!!!!!!!!!!
11-12-2022: 13:49:56 Админские делишки...
11-12-2022: 13:50:00 Админские делишки...
11-12-2022: 13:50:20 !!!!!!!!!!!!!!!!------------- Запуск приложения -------------!!!!!!!!!!!!!!!
11-12-2022: 13:50:22 Админские делишки...
11-12-2022: 13:50:23 Админские делишки...
11-12-2022: 13:50:49 !!!!!!!!!!!!!!!!------------- Запуск приложения -------------!!!!!!!!!!!!!!!
11-12-2022: 13:50:50 Админские делишки...
11-12-2022: 13:50:51 Админские делишки...
11-12-2022: 13:51:02 !!!!!!!!!!!!!!!!------------- Запуск приложения -------------!!!!!!!!!!!!!!!
11-12-2022: 13:51:05 Админские делишки...
11-12-2022: 13:51:06 Админские делишки...
11-12-2022: 13:51:14 !!!!!!!!!!!!!!!!------------- Запуск приложения -------------!!!!!!!!!!!!!!!
11-12-2022: 13:51:15 Админские делишки...
11-12-2022: 13:51:17 Админские делишки...
11-12-2022: 13:56:55 Админские делишки...
11-12-2022: 14:01:16 !!!!!!!!!!!!!!!!------------- Запуск приложения -------------!!!!!!!!!!!!!!!
11-12-2022: 14:01:18 Админские делишки...
11-12-2022: 14:01:20 Админские делишки...
11-12-2022: 14:01:24 Админские делишки...
11-12-2022: 14:01:28 Админские делишки...
11-12-2022: 14:02:27 !!!!!!!!!!!!!!!!------------- Запуск приложения -------------!!!!!!!!!!!!!!!
11-12-2022: 14:02:29 Админские делишки...
11-12-2022: 14:02:30 Админские делишки...
11-12-2022: 14:02:34 Админские делишки...
11-12-2022: 14:02:36 Админские делишки...
11-12-2022: 14:02:38 Админские делишки...
11-12-2022: 14:04:07 !!!!!!!!!!!!!!!!------------- Запуск приложения -------------!!!!!!!!!!!!!!!
11-12-2022: 14:04:15 Админские делишки...
11-12-2022: 14:04:17 Админские делишки...
11-12-2022: 14:04:24 Админские делишки...
11-12-2022: 14:04:27 Админские делишки...
11-12-2022: 14:04:29 Админские делишки...
11-12-2022: 14:04:32 Админские делишки...
11-12-2022: 14:06:10 !!!!!!!!!!!!!!!!------------- Запуск приложения -------------!!!!!!!!!!!!!!!
11-12-2022: 14:06:14 Админские делишки...
11-12-2022: 14:07:32 !!!!!!!!!!!!!!!!------------- Запуск приложения -------------!!!!!!!!!!!!!!!
11-12-2022: 14:07:34 Админские делишки...
11-12-2022: 14:07:35 Админские делишки...
11-12-2022: 14:08:38 !!!!!!!!!!!!!!!!------------- Запуск приложения -------------!!!!!!!!!!!!!!!
11-12-2022: 14:08:41 Админские делишки...
11-12-2022: 14:08:42 Админские делишки...
11-12-2022: 14:08:47 Админские делишки...
11-12-2022: 14:08:50 Админские делишки...
